<?xml version="1.0" encoding="UTF-8"?>
<coverage generated="1761858847560" clover="3.2.0">
  <project timestamp="1761858847560" name="All files">
    <metrics statements="46" coveredstatements="46" conditionals="37" coveredconditionals="29" methods="14" coveredmethods="14" elements="97" coveredelements="89" complexity="0" loc="46" ncloc="46" packages="1" files="3" classes="3"/>
    <file name="App.css" path="/Users/amundjones/Documents/code/React/beatport-analysis/beatport-analysis/src/App.css">
      <metrics statements="0" coveredstatements="0" conditionals="0" coveredconditionals="0" methods="0" coveredmethods="0"/>
    </file>
    <file name="App.tsx" path="/Users/amundjones/Documents/code/React/beatport-analysis/beatport-analysis/src/App.tsx">
      <metrics statements="42" coveredstatements="42" conditionals="35" coveredconditionals="27" methods="13" coveredmethods="13"/>
      <line num="7" count="1" type="stmt"/>
      <line num="50" count="69" type="stmt"/>
      <line num="51" count="69" type="stmt"/>
      <line num="52" count="69" type="stmt"/>
      <line num="53" count="69" type="stmt"/>
      <line num="54" count="69" type="stmt"/>
      <line num="55" count="69" type="stmt"/>
      <line num="57" count="69" type="stmt"/>
      <line num="58" count="15" type="stmt"/>
      <line num="62" count="69" type="stmt"/>
      <line num="64" count="38" type="cond" truecount="2" falsecount="0"/>
      <line num="65" count="32" type="stmt"/>
      <line num="66" count="32" type="stmt"/>
      <line num="68" count="6" type="stmt"/>
      <line num="69" count="6" type="stmt"/>
      <line num="70" count="12" type="stmt"/>
      <line num="72" count="6" type="cond" truecount="2" falsecount="2"/>
      <line num="73" count="6" type="stmt"/>
      <line num="79" count="16" type="stmt"/>
      <line num="80" count="16" type="stmt"/>
      <line num="81" count="16" type="stmt"/>
      <line num="82" count="16" type="stmt"/>
      <line num="83" count="16" type="stmt"/>
      <line num="85" count="16" type="stmt"/>
      <line num="86" count="16" type="stmt"/>
      <line num="87" count="13" type="cond" truecount="2" falsecount="0"/>
      <line num="88" count="1" type="stmt"/>
      <line num="90" count="9" type="stmt"/>
      <line num="91" count="9" type="cond" truecount="2" falsecount="0"/>
      <line num="92" count="4" type="stmt"/>
      <line num="94" count="10" type="stmt"/>
      <line num="100" count="5" type="stmt"/>
      <line num="102" count="10" type="stmt"/>
      <line num="103" count="5" type="cond" truecount="2" falsecount="2"/>
      <line num="104" count="16" type="stmt"/>
      <line num="105" count="16" type="stmt"/>
      <line num="107" count="9" type="cond" truecount="1" falsecount="1"/>
      <line num="109" count="14" type="stmt"/>
      <line num="115" count="69" type="stmt"/>
      <line num="124" count="2" type="stmt"/>
      <line num="127" count="2415" type="stmt"/>
      <line num="154" count="10" type="cond" truecount="1" falsecount="1"/>
    </file>
    <file name="utils.ts" path="/Users/amundjones/Documents/code/React/beatport-analysis/beatport-analysis/src/utils.ts">
      <metrics statements="4" coveredstatements="4" conditionals="2" coveredconditionals="2" methods="1" coveredmethods="1"/>
      <line num="2" count="13" type="stmt"/>
      <line num="3" count="13" type="stmt"/>
      <line num="4" count="13" type="cond" truecount="2" falsecount="0"/>
      <line num="6" count="1" type="stmt"/>
    </file>
  </project>
</coverage>
