<?xml version="1.0" encoding="UTF-8"?>
<coverage generated="1761935861890" clover="3.2.0">
  <project timestamp="1761935861890" name="All files">
    <metrics statements="22" coveredstatements="16" conditionals="34" coveredconditionals="21" methods="2" coveredmethods="2" elements="58" coveredelements="39" complexity="0" loc="22" ncloc="22" packages="1" files="1" classes="1"/>
    <file name="TrackHistoryChart.tsx" path="/Users/amundjones/Documents/code/React/beatport-analysis/beatport-analysis/src/components/TrackHistoryChart.tsx">
      <metrics statements="22" coveredstatements="16" conditionals="34" coveredconditionals="21" methods="2" coveredmethods="2"/>
      <line num="17" count="20" type="cond" truecount="1" falsecount="1"/>
      <line num="19" count="13" type="stmt"/>
      <line num="21" count="26" type="cond" truecount="1" falsecount="1"/>
      <line num="23" count="26" type="stmt"/>
      <line num="26" count="26" type="stmt"/>
      <line num="31" count="0" type="stmt"/>
      <line num="33" count="13" type="stmt"/>
      <line num="34" count="0" type="stmt"/>
      <line num="35" count="0" type="stmt"/>
      <line num="36" count="0" type="stmt"/>
      <line num="37" count="0" type="stmt"/>
      <line num="39" count="13" type="cond" truecount="1" falsecount="1"/>
      <line num="41" count="13" type="cond" truecount="1" falsecount="1"/>
      <line num="43" count="0" type="stmt"/>
      <line num="48" count="4" type="stmt"/>
      <line num="52" count="13" type="cond" truecount="2" falsecount="0"/>
      <line num="54" count="1" type="cond" truecount="1" falsecount="1"/>
      <line num="55" count="1" type="stmt"/>
      <line num="58" count="12" type="cond" truecount="2" falsecount="0"/>
      <line num="59" count="13" type="cond" truecount="3" falsecount="1"/>
      <line num="62" count="12" type="cond" truecount="2" falsecount="5"/>
      <line num="114" count="12" type="stmt"/>
    </file>
  </project>
</coverage>
