{"/Users/amundjones/Documents/code/React/beatport-analysis/beatport-analysis/src/App.css": {"path":"/Users/amundjones/Documents/code/React/beatport-analysis/beatport-analysis/src/App.css","statementMap":{},"fnMap":{},"branchMap":{},"s":{},"f":{},"b":{},"meta":{"lastBranch":0,"lastFunction":0,"lastStatement":0,"seen":{}}}
,"/Users/amundjones/Documents/code/React/beatport-analysis/beatport-analysis/src/App.tsx": {"path":"/Users/amundjones/Documents/code/React/beatport-analysis/beatport-analysis/src/App.tsx","statementMap":{"0":{"start":{"line":7,"column":24},"end":{"line":42,"column":null}},"1":{"start":{"line":50,"column":40},"end":{"line":50,"column":null}},"2":{"start":{"line":51,"column":32},"end":{"line":51,"column":null}},"3":{"start":{"line":52,"column":26},"end":{"line":52,"column":null}},"4":{"start":{"line":53,"column":28},"end":{"line":53,"column":null}},"5":{"start":{"line":54,"column":24},"end":{"line":54,"column":null}},"6":{"start":{"line":55,"column":34},"end":{"line":55,"column":null}},"7":{"start":{"line":56,"column":34},"end":{"line":59,"column":null}},"8":{"start":{"line":57,"column":18},"end":{"line":57,"column":null}},"9":{"start":{"line":58,"column":4},"end":{"line":58,"column":null}},"10":{"start":{"line":61,"column":2},"end":{"line":64,"column":null}},"11":{"start":{"line":62,"column":4},"end":{"line":62,"column":null}},"12":{"start":{"line":66,"column":2},"end":{"line":69,"column":null}},"13":{"start":{"line":67,"column":4},"end":{"line":67,"column":null}},"14":{"start":{"line":68,"column":4},"end":{"line":68,"column":null}},"15":{"start":{"line":71,"column":2},"end":{"line":84,"column":null}},"16":{"start":{"line":73,"column":4},"end":{"line":76,"column":null}},"17":{"start":{"line":74,"column":6},"end":{"line":74,"column":null}},"18":{"start":{"line":75,"column":6},"end":{"line":75,"column":null}},"19":{"start":{"line":77,"column":10},"end":{"line":77,"column":null}},"20":{"start":{"line":78,"column":21},"end":{"line":81,"column":null}},"21":{"start":{"line":79,"column":19},"end":{"line":79,"column":35}},"22":{"start":{"line":81,"column":23},"end":{"line":81,"column":79}},"23":{"start":{"line":82,"column":4},"end":{"line":82,"column":null}},"24":{"start":{"line":89,"column":21},"end":{"line":89,"column":null}},"25":{"start":{"line":90,"column":4},"end":{"line":94,"column":null}},"26":{"start":{"line":91,"column":18},"end":{"line":91,"column":null}},"27":{"start":{"line":92,"column":6},"end":{"line":92,"column":null}},"28":{"start":{"line":92,"column":30},"end":{"line":92,"column":null}},"29":{"start":{"line":93,"column":6},"end":{"line":93,"column":null}},"30":{"start":{"line":97,"column":28},"end":{"line":97,"column":null}},"31":{"start":{"line":98,"column":4},"end":{"line":106,"column":null}},"32":{"start":{"line":99,"column":6},"end":{"line":99,"column":null}},"33":{"start":{"line":99,"column":27},"end":{"line":99,"column":84}},"34":{"start":{"line":100,"column":21},"end":{"line":100,"column":null}},"35":{"start":{"line":101,"column":23},"end":{"line":101,"column":null}},"36":{"start":{"line":102,"column":6},"end":{"line":104,"column":null}},"37":{"start":{"line":103,"column":8},"end":{"line":103,"column":null}},"38":{"start":{"line":105,"column":6},"end":{"line":105,"column":null}},"39":{"start":{"line":107,"column":4},"end":{"line":107,"column":null}},"40":{"start":{"line":111,"column":4},"end":{"line":111,"column":null}},"41":{"start":{"line":112,"column":4},"end":{"line":112,"column":null}},"42":{"start":{"line":113,"column":4},"end":{"line":113,"column":null}},"43":{"start":{"line":114,"column":4},"end":{"line":114,"column":null}},"44":{"start":{"line":115,"column":4},"end":{"line":115,"column":null}},"45":{"start":{"line":117,"column":4},"end":{"line":145,"column":null}},"46":{"start":{"line":118,"column":18},"end":{"line":118,"column":null}},"47":{"start":{"line":119,"column":6},"end":{"line":121,"column":null}},"48":{"start":{"line":120,"column":8},"end":{"line":120,"column":null}},"49":{"start":{"line":122,"column":28},"end":{"line":122,"column":null}},"50":{"start":{"line":123,"column":6},"end":{"line":125,"column":null}},"51":{"start":{"line":124,"column":8},"end":{"line":124,"column":null}},"52":{"start":{"line":126,"column":34},"end":{"line":132,"column":null}},"53":{"start":{"line":126,"column":49},"end":{"line":132,"column":8}},"54":{"start":{"line":134,"column":31},"end":{"line":134,"column":null}},"55":{"start":{"line":135,"column":6},"end":{"line":135,"column":null}},"56":{"start":{"line":137,"column":20},"end":{"line":137,"column":null}},"57":{"start":{"line":137,"column":34},"end":{"line":137,"column":40}},"58":{"start":{"line":137,"column":57},"end":{"line":137,"column":75}},"59":{"start":{"line":138,"column":25},"end":{"line":138,"column":null}},"60":{"start":{"line":138,"column":67},"end":{"line":138,"column":82}},"61":{"start":{"line":139,"column":6},"end":{"line":139,"column":null}},"62":{"start":{"line":140,"column":6},"end":{"line":140,"column":null}},"63":{"start":{"line":142,"column":6},"end":{"line":142,"column":null}},"64":{"start":{"line":144,"column":6},"end":{"line":144,"column":null}},"65":{"start":{"line":150,"column":2},"end":{"line":241,"column":null}},"66":{"start":{"line":157,"column":29},"end":{"line":157,"column":null}},"67":{"start":{"line":172,"column":33},"end":{"line":172,"column":null}},"68":{"start":{"line":175,"column":18},"end":{"line":177,"column":null}},"69":{"start":{"line":212,"column":20},"end":{"line":229,"column":null}}},"fnMap":{"0":{"name":"App","decl":{"start":{"line":49,"column":24},"end":{"line":49,"column":30}},"loc":{"start":{"line":49,"column":30},"end":{"line":243,"column":null}},"line":49},"1":{"name":"(anonymous_1)","decl":{"start":{"line":56,"column":56},"end":{"line":56,"column":62}},"loc":{"start":{"line":56,"column":62},"end":{"line":59,"column":3}},"line":56},"2":{"name":"(anonymous_2)","decl":{"start":{"line":61,"column":12},"end":{"line":61,"column":18}},"loc":{"start":{"line":61,"column":18},"end":{"line":64,"column":5}},"line":61},"3":{"name":"(anonymous_3)","decl":{"start":{"line":66,"column":12},"end":{"line":66,"column":18}},"loc":{"start":{"line":66,"column":18},"end":{"line":69,"column":5}},"line":66},"4":{"name":"(anonymous_4)","decl":{"start":{"line":71,"column":12},"end":{"line":71,"column":18}},"loc":{"start":{"line":71,"column":18},"end":{"line":84,"column":5}},"line":71},"5":{"name":"(anonymous_5)","decl":{"start":{"line":79,"column":14},"end":{"line":79,"column":19}},"loc":{"start":{"line":79,"column":19},"end":{"line":79,"column":35}},"line":79},"6":{"name":"(anonymous_6)","decl":{"start":{"line":81,"column":12},"end":{"line":81,"column":13}},"loc":{"start":{"line":81,"column":23},"end":{"line":81,"column":79}},"line":81},"7":{"name":"computeTrends","decl":{"start":{"line":87,"column":11},"end":{"line":87,"column":25}},"loc":{"start":{"line":87,"column":51},"end":{"line":108,"column":null}},"line":87},"8":{"name":"(anonymous_8)","decl":{"start":{"line":90,"column":19},"end":{"line":90,"column":28}},"loc":{"start":{"line":90,"column":28},"end":{"line":94,"column":5}},"line":90},"9":{"name":"(anonymous_9)","decl":{"start":{"line":98,"column":21},"end":{"line":98,"column":30}},"loc":{"start":{"line":98,"column":30},"end":{"line":106,"column":5}},"line":98},"10":{"name":"(anonymous_10)","decl":{"start":{"line":99,"column":17},"end":{"line":99,"column":18}},"loc":{"start":{"line":99,"column":27},"end":{"line":99,"column":84}},"line":99},"11":{"name":"loadTracks","decl":{"start":{"line":110,"column":17},"end":{"line":110,"column":30}},"loc":{"start":{"line":110,"column":30},"end":{"line":146,"column":null}},"line":110},"12":{"name":"(anonymous_12)","decl":{"start":{"line":126,"column":43},"end":{"line":126,"column":49}},"loc":{"start":{"line":126,"column":49},"end":{"line":132,"column":8}},"line":126},"13":{"name":"(anonymous_13)","decl":{"start":{"line":137,"column":29},"end":{"line":137,"column":34}},"loc":{"start":{"line":137,"column":34},"end":{"line":137,"column":40}},"line":137},"14":{"name":"(anonymous_14)","decl":{"start":{"line":137,"column":49},"end":{"line":137,"column":57}},"loc":{"start":{"line":137,"column":57},"end":{"line":137,"column":75}},"line":137},"15":{"name":"(anonymous_15)","decl":{"start":{"line":138,"column":57},"end":{"line":138,"column":58}},"loc":{"start":{"line":138,"column":67},"end":{"line":138,"column":82}},"line":138},"16":{"name":"(anonymous_16)","decl":{"start":{"line":157,"column":23},"end":{"line":157,"column":29}},"loc":{"start":{"line":157,"column":29},"end":{"line":157,"column":null}},"line":157},"17":{"name":"(anonymous_17)","decl":{"start":{"line":172,"column":27},"end":{"line":172,"column":33}},"loc":{"start":{"line":172,"column":33},"end":{"line":172,"column":null}},"line":172},"18":{"name":"(anonymous_18)","decl":{"start":{"line":174,"column":28},"end":{"line":174,"column":29}},"loc":{"start":{"line":175,"column":18},"end":{"line":177,"column":null}},"line":175},"19":{"name":"(anonymous_19)","decl":{"start":{"line":211,"column":30},"end":{"line":211,"column":31}},"loc":{"start":{"line":212,"column":20},"end":{"line":229,"column":null}},"line":212}},"branchMap":{"0":{"loc":{"start":{"line":58,"column":11},"end":{"line":58,"column":null}},"type":"cond-expr","locations":[{"start":{"line":58,"column":19},"end":{"line":58,"column":39}},{"start":{"line":58,"column":39},"end":{"line":58,"column":null}}],"line":58},"1":{"loc":{"start":{"line":67,"column":48},"end":{"line":67,"column":77}},"type":"cond-expr","locations":[{"start":{"line":67,"column":61},"end":{"line":67,"column":70}},{"start":{"line":67,"column":70},"end":{"line":67,"column":77}}],"line":67},"2":{"loc":{"start":{"line":73,"column":4},"end":{"line":76,"column":null}},"type":"if","locations":[{"start":{"line":73,"column":4},"end":{"line":76,"column":null}},{"start":{},"end":{}}],"line":73},"3":{"loc":{"start":{"line":81,"column":30},"end":{"line":81,"column":48}},"type":"binary-expr","locations":[{"start":{"line":81,"column":30},"end":{"line":81,"column":40}},{"start":{"line":81,"column":40},"end":{"line":81,"column":48}}],"line":81},"4":{"loc":{"start":{"line":81,"column":59},"end":{"line":81,"column":77}},"type":"binary-expr","locations":[{"start":{"line":81,"column":59},"end":{"line":81,"column":69}},{"start":{"line":81,"column":69},"end":{"line":81,"column":77}}],"line":81},"5":{"loc":{"start":{"line":91,"column":73},"end":{"line":91,"column":93}},"type":"binary-expr","locations":[{"start":{"line":91,"column":73},"end":{"line":91,"column":89}},{"start":{"line":91,"column":89},"end":{"line":91,"column":93}}],"line":91},"6":{"loc":{"start":{"line":92,"column":6},"end":{"line":92,"column":null}},"type":"if","locations":[{"start":{"line":92,"column":6},"end":{"line":92,"column":null}},{"start":{},"end":{}}],"line":92},"7":{"loc":{"start":{"line":102,"column":6},"end":{"line":104,"column":null}},"type":"if","locations":[{"start":{"line":102,"column":6},"end":{"line":104,"column":null}},{"start":{},"end":{}}],"line":102},"8":{"loc":{"start":{"line":102,"column":10},"end":{"line":102,"column":113}},"type":"binary-expr","locations":[{"start":{"line":102,"column":10},"end":{"line":102,"column":22}},{"start":{"line":102,"column":22},"end":{"line":102,"column":51}},{"start":{"line":102,"column":51},"end":{"line":102,"column":82}},{"start":{"line":102,"column":82},"end":{"line":102,"column":113}}],"line":102},"9":{"loc":{"start":{"line":119,"column":6},"end":{"line":121,"column":null}},"type":"if","locations":[{"start":{"line":119,"column":6},"end":{"line":121,"column":null}},{"start":{},"end":{}}],"line":119},"10":{"loc":{"start":{"line":123,"column":6},"end":{"line":125,"column":null}},"type":"if","locations":[{"start":{"line":123,"column":6},"end":{"line":125,"column":null}},{"start":{},"end":{}}],"line":123},"11":{"loc":{"start":{"line":138,"column":25},"end":{"line":138,"column":null}},"type":"cond-expr","locations":[{"start":{"line":138,"column":44},"end":{"line":138,"column":86}},{"start":{"line":138,"column":86},"end":{"line":138,"column":null}}],"line":138},"12":{"loc":{"start":{"line":138,"column":67},"end":{"line":138,"column":82}},"type":"cond-expr","locations":[{"start":{"line":138,"column":77},"end":{"line":138,"column":81}},{"start":{"line":138,"column":81},"end":{"line":138,"column":82}}],"line":138},"13":{"loc":{"start":{"line":142,"column":15},"end":{"line":142,"column":79}},"type":"cond-expr","locations":[{"start":{"line":142,"column":38},"end":{"line":142,"column":52}},{"start":{"line":142,"column":52},"end":{"line":142,"column":79}}],"line":142},"14":{"loc":{"start":{"line":161,"column":15},"end":{"line":161,"column":null}},"type":"cond-expr","locations":[{"start":{"line":161,"column":28},"end":{"line":161,"column":41}},{"start":{"line":161,"column":41},"end":{"line":161,"column":null}}],"line":161},"15":{"loc":{"start":{"line":187,"column":17},"end":{"line":187,"column":null}},"type":"cond-expr","locations":[{"start":{"line":187,"column":27},"end":{"line":187,"column":42}},{"start":{"line":187,"column":42},"end":{"line":187,"column":null}}],"line":187},"16":{"loc":{"start":{"line":192,"column":11},"end":{"line":192,"column":null}},"type":"binary-expr","locations":[{"start":{"line":192,"column":11},"end":{"line":192,"column":22}},{"start":{"line":192,"column":22},"end":{"line":192,"column":null}}],"line":192},"17":{"loc":{"start":{"line":193,"column":11},"end":{"line":193,"column":null}},"type":"binary-expr","locations":[{"start":{"line":193,"column":11},"end":{"line":193,"column":20}},{"start":{"line":193,"column":20},"end":{"line":193,"column":null}}],"line":193},"18":{"loc":{"start":{"line":195,"column":11},"end":{"line":196,"column":null}},"type":"binary-expr","locations":[{"start":{"line":195,"column":11},"end":{"line":195,"column":23}},{"start":{"line":195,"column":23},"end":{"line":195,"column":33}},{"start":{"line":195,"column":33},"end":{"line":195,"column":null}},{"start":{"line":196,"column":12},"end":{"line":196,"column":null}}],"line":195},"19":{"loc":{"start":{"line":199,"column":11},"end":{"line":233,"column":null}},"type":"binary-expr","locations":[{"start":{"line":199,"column":11},"end":{"line":199,"column":23}},{"start":{"line":199,"column":23},"end":{"line":199,"column":null}},{"start":{"line":200,"column":12},"end":{"line":233,"column":null}}],"line":199},"20":{"loc":{"start":{"line":213,"column":47},"end":{"line":213,"column":63}},"type":"binary-expr","locations":[{"start":{"line":213,"column":47},"end":{"line":213,"column":57}},{"start":{"line":213,"column":57},"end":{"line":213,"column":63}}],"line":213},"21":{"loc":{"start":{"line":215,"column":25},"end":{"line":224,"column":null}},"type":"cond-expr","locations":[{"start":{"line":216,"column":26},"end":{"line":221,"column":null}},{"start":{"line":224,"column":26},"end":{"line":224,"column":null}}],"line":215},"22":{"loc":{"start":{"line":216,"column":26},"end":{"line":221,"column":null}},"type":"cond-expr","locations":[{"start":{"line":217,"column":28},"end":{"line":217,"column":null}},{"start":{"line":218,"column":30},"end":{"line":221,"column":null}}],"line":216},"23":{"loc":{"start":{"line":218,"column":30},"end":{"line":221,"column":null}},"type":"cond-expr","locations":[{"start":{"line":219,"column":28},"end":{"line":219,"column":null}},{"start":{"line":221,"column":28},"end":{"line":221,"column":null}}],"line":218},"24":{"loc":{"start":{"line":228,"column":50},"end":{"line":228,"column":66}},"type":"binary-expr","locations":[{"start":{"line":228,"column":50},"end":{"line":228,"column":62}},{"start":{"line":228,"column":62},"end":{"line":228,"column":66}}],"line":228},"25":{"loc":{"start":{"line":212,"column":43},"end":{"line":212,"column":54}},"type":"binary-expr","locations":[{"start":{"line":212,"column":43},"end":{"line":212,"column":53}},{"start":{"line":212,"column":53},"end":{"line":212,"column":54}}],"line":212},"26":{"loc":{"start":{"line":237,"column":49},"end":{"line":237,"column":null}},"type":"binary-expr","locations":[{"start":{"line":237,"column":49},"end":{"line":237,"column":63}},{"start":{"line":237,"column":63},"end":{"line":237,"column":null}}],"line":237}},"s":{"0":1,"1":79,"2":79,"3":79,"4":79,"5":79,"6":79,"7":79,"8":17,"9":17,"10":79,"11":17,"12":79,"13":19,"14":19,"15":79,"16":43,"17":36,"18":36,"19":7,"20":7,"21":14,"22":7,"23":7,"24":6,"25":6,"26":12,"27":12,"28":11,"29":12,"30":6,"31":6,"32":11,"33":1,"34":11,"35":11,"36":11,"37":1,"38":11,"39":6,"40":18,"41":18,"42":18,"43":18,"44":18,"45":18,"46":18,"47":15,"48":1,"49":11,"50":11,"51":5,"52":6,"53":12,"54":6,"55":6,"56":6,"57":12,"58":12,"59":6,"60":6,"61":18,"62":18,"63":10,"64":16,"65":79,"66":2,"67":2,"68":2765,"69":12},"f":{"0":79,"1":17,"2":17,"3":19,"4":43,"5":14,"6":7,"7":6,"8":12,"9":11,"10":1,"11":18,"12":12,"13":12,"14":12,"15":6,"16":2,"17":2,"18":2765,"19":12},"b":{"0":[16,1],"1":[1,18],"2":[36,7],"3":[7,0],"4":[7,0],"5":[12,0],"6":[11,1],"7":[1,10],"8":[11,1,1,1],"9":[1,14],"10":[5,6],"11":[6,0],"12":[1,5],"13":[10,0],"14":[2,77],"15":[38,41],"16":[79,38],"17":[79,10],"18":[79,41,31,24],"19":[79,41,7],"20":[12,0],"21":[1,11],"22":[1,0],"23":[0,0],"24":[12,0],"25":[12,0],"26":[79,65]},"meta":{"lastBranch":27,"lastFunction":20,"lastStatement":70,"seen":{"s:7:24:42:Infinity":0,"f:49:24:49:30":0,"s:50:40:50:Infinity":1,"s:51:32:51:Infinity":2,"s:52:26:52:Infinity":3,"s:53:28:53:Infinity":4,"s:54:24:54:Infinity":5,"s:55:34:55:Infinity":6,"s:56:34:59:Infinity":7,"f:56:56:56:62":1,"s:57:18:57:Infinity":8,"s:58:4:58:Infinity":9,"b:58:19:58:39:58:39:58:Infinity":0,"s:61:2:64:Infinity":10,"f:61:12:61:18":2,"s:62:4:62:Infinity":11,"s:66:2:69:Infinity":12,"f:66:12:66:18":3,"s:67:4:67:Infinity":13,"b:67:61:67:70:67:70:67:77":1,"s:68:4:68:Infinity":14,"s:71:2:84:Infinity":15,"f:71:12:71:18":4,"b:73:4:76:Infinity:undefined:undefined:undefined:undefined":2,"s:73:4:76:Infinity":16,"s:74:6:74:Infinity":17,"s:75:6:75:Infinity":18,"s:77:10:77:Infinity":19,"s:78:21:81:Infinity":20,"f:79:14:79:19":5,"s:79:19:79:35":21,"f:81:12:81:13":6,"s:81:23:81:79":22,"b:81:30:81:40:81:40:81:48":3,"b:81:59:81:69:81:69:81:77":4,"s:82:4:82:Infinity":23,"f:87:11:87:25":7,"s:89:21:89:Infinity":24,"s:90:4:94:Infinity":25,"f:90:19:90:28":8,"s:91:18:91:Infinity":26,"b:91:73:91:89:91:89:91:93":5,"b:92:6:92:Infinity:undefined:undefined:undefined:undefined":6,"s:92:6:92:Infinity":27,"s:92:30:92:Infinity":28,"s:93:6:93:Infinity":29,"s:97:28:97:Infinity":30,"s:98:4:106:Infinity":31,"f:98:21:98:30":9,"s:99:6:99:Infinity":32,"f:99:17:99:18":10,"s:99:27:99:84":33,"s:100:21:100:Infinity":34,"s:101:23:101:Infinity":35,"b:102:6:104:Infinity:undefined:undefined:undefined:undefined":7,"s:102:6:104:Infinity":36,"b:102:10:102:22:102:22:102:51:102:51:102:82:102:82:102:113":8,"s:103:8:103:Infinity":37,"s:105:6:105:Infinity":38,"s:107:4:107:Infinity":39,"f:110:17:110:30":11,"s:111:4:111:Infinity":40,"s:112:4:112:Infinity":41,"s:113:4:113:Infinity":42,"s:114:4:114:Infinity":43,"s:115:4:115:Infinity":44,"s:117:4:145:Infinity":45,"s:118:18:118:Infinity":46,"b:119:6:121:Infinity:undefined:undefined:undefined:undefined":9,"s:119:6:121:Infinity":47,"s:120:8:120:Infinity":48,"s:122:28:122:Infinity":49,"b:123:6:125:Infinity:undefined:undefined:undefined:undefined":10,"s:123:6:125:Infinity":50,"s:124:8:124:Infinity":51,"s:126:34:132:Infinity":52,"f:126:43:126:49":12,"s:126:49:132:8":53,"s:134:31:134:Infinity":54,"s:135:6:135:Infinity":55,"s:137:20:137:Infinity":56,"f:137:29:137:34":13,"s:137:34:137:40":57,"f:137:49:137:57":14,"s:137:57:137:75":58,"s:138:25:138:Infinity":59,"b:138:44:138:86:138:86:138:Infinity":11,"f:138:57:138:58":15,"s:138:67:138:82":60,"b:138:77:138:81:138:81:138:82":12,"s:139:6:139:Infinity":61,"s:140:6:140:Infinity":62,"s:142:6:142:Infinity":63,"b:142:38:142:52:142:52:142:79":13,"s:144:6:144:Infinity":64,"s:150:2:241:Infinity":65,"f:157:23:157:29":16,"s:157:29:157:Infinity":66,"b:161:28:161:41:161:41:161:Infinity":14,"f:172:27:172:33":17,"s:172:33:172:Infinity":67,"f:174:28:174:29":18,"s:175:18:177:Infinity":68,"b:187:27:187:42:187:42:187:Infinity":15,"b:192:11:192:22:192:22:192:Infinity":16,"b:193:11:193:20:193:20:193:Infinity":17,"b:195:11:195:23:195:23:195:33:195:33:195:Infinity:196:12:196:Infinity":18,"b:199:11:199:23:199:23:199:Infinity:200:12:233:Infinity":19,"f:211:30:211:31":19,"s:212:20:229:Infinity":69,"b:213:47:213:57:213:57:213:63":20,"b:216:26:221:Infinity:224:26:224:Infinity":21,"b:217:28:217:Infinity:218:30:221:Infinity":22,"b:219:28:219:Infinity:221:28:221:Infinity":23,"b:228:50:228:62:228:62:228:66":24,"b:212:43:212:53:212:53:212:54":25,"b:237:49:237:63:237:63:237:Infinity":26}}}
,"/Users/amundjones/Documents/code/React/beatport-analysis/beatport-analysis/src/utils.ts": {"path":"/Users/amundjones/Documents/code/React/beatport-analysis/beatport-analysis/src/utils.ts","statementMap":{"0":{"start":{"line":2,"column":2},"end":{"line":7,"column":null}},"1":{"start":{"line":3,"column":14},"end":{"line":3,"column":null}},"2":{"start":{"line":4,"column":4},"end":{"line":4,"column":null}},"3":{"start":{"line":6,"column":4},"end":{"line":6,"column":null}}},"fnMap":{"0":{"name":"slugFromUrl","decl":{"start":{"line":1,"column":16},"end":{"line":1,"column":28}},"loc":{"start":{"line":1,"column":41},"end":{"line":8,"column":null}},"line":1}},"branchMap":{"0":{"loc":{"start":{"line":4,"column":11},"end":{"line":4,"column":null}},"type":"cond-expr","locations":[{"start":{"line":4,"column":15},"end":{"line":4,"column":22}},{"start":{"line":4,"column":22},"end":{"line":4,"column":null}}],"line":4}},"s":{"0":14,"1":14,"2":14,"3":1},"f":{"0":14},"b":{"0":[10,3]},"meta":{"lastBranch":1,"lastFunction":1,"lastStatement":4,"seen":{"f:1:16:1:28":0,"s:2:2:7:Infinity":0,"s:3:14:3:Infinity":1,"s:4:4:4:Infinity":2,"b:4:15:4:22:4:22:4:Infinity":0,"s:6:4:6:Infinity":3}}}
}
