{"/Users/amundjones/Documents/code/React/beatport-analysis/beatport-analysis/src/App.css": {"path":"/Users/amundjones/Documents/code/React/beatport-analysis/beatport-analysis/src/App.css","statementMap":{},"fnMap":{},"branchMap":{},"s":{},"f":{},"b":{},"meta":{"lastBranch":0,"lastFunction":0,"lastStatement":0,"seen":{}}}
,"/Users/amundjones/Documents/code/React/beatport-analysis/beatport-analysis/src/App.tsx": {"path":"/Users/amundjones/Documents/code/React/beatport-analysis/beatport-analysis/src/App.tsx","statementMap":{"0":{"start":{"line":7,"column":24},"end":{"line":42,"column":null}},"1":{"start":{"line":50,"column":40},"end":{"line":50,"column":null}},"2":{"start":{"line":51,"column":32},"end":{"line":51,"column":null}},"3":{"start":{"line":52,"column":26},"end":{"line":52,"column":null}},"4":{"start":{"line":53,"column":28},"end":{"line":53,"column":null}},"5":{"start":{"line":54,"column":24},"end":{"line":54,"column":null}},"6":{"start":{"line":55,"column":34},"end":{"line":55,"column":null}},"7":{"start":{"line":56,"column":34},"end":{"line":59,"column":null}},"8":{"start":{"line":57,"column":18},"end":{"line":57,"column":null}},"9":{"start":{"line":58,"column":4},"end":{"line":58,"column":null}},"10":{"start":{"line":60,"column":34},"end":{"line":60,"column":null}},"11":{"start":{"line":61,"column":40},"end":{"line":61,"column":null}},"12":{"start":{"line":63,"column":2},"end":{"line":66,"column":null}},"13":{"start":{"line":64,"column":4},"end":{"line":64,"column":null}},"14":{"start":{"line":68,"column":2},"end":{"line":71,"column":null}},"15":{"start":{"line":69,"column":4},"end":{"line":69,"column":null}},"16":{"start":{"line":70,"column":4},"end":{"line":70,"column":null}},"17":{"start":{"line":73,"column":21},"end":{"line":80,"column":null}},"18":{"start":{"line":74,"column":4},"end":{"line":79,"column":null}},"19":{"start":{"line":75,"column":6},"end":{"line":75,"column":null}},"20":{"start":{"line":77,"column":6},"end":{"line":77,"column":null}},"21":{"start":{"line":78,"column":6},"end":{"line":78,"column":null}},"22":{"start":{"line":82,"column":23},"end":{"line":111,"column":null}},"23":{"start":{"line":84,"column":4},"end":{"line":107,"column":null}},"24":{"start":{"line":86,"column":8},"end":{"line":86,"column":null}},"25":{"start":{"line":87,"column":8},"end":{"line":87,"column":null}},"26":{"start":{"line":88,"column":8},"end":{"line":88,"column":null}},"27":{"start":{"line":90,"column":8},"end":{"line":90,"column":null}},"28":{"start":{"line":91,"column":8},"end":{"line":91,"column":null}},"29":{"start":{"line":92,"column":8},"end":{"line":92,"column":null}},"30":{"start":{"line":94,"column":8},"end":{"line":94,"column":null}},"31":{"start":{"line":95,"column":8},"end":{"line":95,"column":null}},"32":{"start":{"line":96,"column":8},"end":{"line":96,"column":null}},"33":{"start":{"line":98,"column":8},"end":{"line":98,"column":null}},"34":{"start":{"line":99,"column":8},"end":{"line":99,"column":null}},"35":{"start":{"line":100,"column":8},"end":{"line":100,"column":null}},"36":{"start":{"line":102,"column":8},"end":{"line":102,"column":null}},"37":{"start":{"line":103,"column":8},"end":{"line":103,"column":null}},"38":{"start":{"line":104,"column":8},"end":{"line":104,"column":null}},"39":{"start":{"line":106,"column":8},"end":{"line":106,"column":null}},"40":{"start":{"line":108,"column":4},"end":{"line":108,"column":null}},"41":{"start":{"line":108,"column":21},"end":{"line":108,"column":null}},"42":{"start":{"line":109,"column":4},"end":{"line":109,"column":null}},"43":{"start":{"line":109,"column":21},"end":{"line":109,"column":null}},"44":{"start":{"line":110,"column":4},"end":{"line":110,"column":null}},"45":{"start":{"line":113,"column":46},"end":{"line":113,"column":null}},"46":{"start":{"line":114,"column":2},"end":{"line":117,"column":null}},"47":{"start":{"line":115,"column":19},"end":{"line":115,"column":null}},"48":{"start":{"line":116,"column":4},"end":{"line":116,"column":null}},"49":{"start":{"line":119,"column":2},"end":{"line":132,"column":null}},"50":{"start":{"line":121,"column":4},"end":{"line":124,"column":null}},"51":{"start":{"line":122,"column":6},"end":{"line":122,"column":null}},"52":{"start":{"line":123,"column":6},"end":{"line":123,"column":null}},"53":{"start":{"line":125,"column":10},"end":{"line":125,"column":null}},"54":{"start":{"line":126,"column":21},"end":{"line":129,"column":null}},"55":{"start":{"line":127,"column":19},"end":{"line":127,"column":35}},"56":{"start":{"line":129,"column":23},"end":{"line":129,"column":79}},"57":{"start":{"line":130,"column":4},"end":{"line":130,"column":null}},"58":{"start":{"line":136,"column":31},"end":{"line":136,"column":null}},"59":{"start":{"line":137,"column":4},"end":{"line":137,"column":null}},"60":{"start":{"line":142,"column":21},"end":{"line":142,"column":null}},"61":{"start":{"line":143,"column":4},"end":{"line":147,"column":null}},"62":{"start":{"line":144,"column":18},"end":{"line":144,"column":null}},"63":{"start":{"line":145,"column":6},"end":{"line":145,"column":null}},"64":{"start":{"line":145,"column":30},"end":{"line":145,"column":null}},"65":{"start":{"line":146,"column":6},"end":{"line":146,"column":null}},"66":{"start":{"line":150,"column":28},"end":{"line":150,"column":null}},"67":{"start":{"line":151,"column":4},"end":{"line":162,"column":null}},"68":{"start":{"line":152,"column":6},"end":{"line":152,"column":null}},"69":{"start":{"line":152,"column":27},"end":{"line":152,"column":84}},"70":{"start":{"line":153,"column":21},"end":{"line":153,"column":null}},"71":{"start":{"line":154,"column":23},"end":{"line":154,"column":null}},"72":{"start":{"line":155,"column":6},"end":{"line":157,"column":null}},"73":{"start":{"line":156,"column":8},"end":{"line":156,"column":null}},"74":{"start":{"line":159,"column":22},"end":{"line":159,"column":null}},"75":{"start":{"line":159,"column":51},"end":{"line":159,"column":90}},"76":{"start":{"line":160,"column":6},"end":{"line":160,"column":null}},"77":{"start":{"line":161,"column":6},"end":{"line":161,"column":null}},"78":{"start":{"line":163,"column":4},"end":{"line":163,"column":null}},"79":{"start":{"line":167,"column":4},"end":{"line":167,"column":null}},"80":{"start":{"line":168,"column":4},"end":{"line":168,"column":null}},"81":{"start":{"line":169,"column":4},"end":{"line":169,"column":null}},"82":{"start":{"line":170,"column":4},"end":{"line":170,"column":null}},"83":{"start":{"line":171,"column":4},"end":{"line":171,"column":null}},"84":{"start":{"line":173,"column":4},"end":{"line":201,"column":null}},"85":{"start":{"line":174,"column":18},"end":{"line":174,"column":null}},"86":{"start":{"line":175,"column":6},"end":{"line":177,"column":null}},"87":{"start":{"line":176,"column":8},"end":{"line":176,"column":null}},"88":{"start":{"line":178,"column":28},"end":{"line":178,"column":null}},"89":{"start":{"line":179,"column":6},"end":{"line":181,"column":null}},"90":{"start":{"line":180,"column":8},"end":{"line":180,"column":null}},"91":{"start":{"line":182,"column":34},"end":{"line":188,"column":null}},"92":{"start":{"line":182,"column":49},"end":{"line":188,"column":8}},"93":{"start":{"line":190,"column":31},"end":{"line":190,"column":null}},"94":{"start":{"line":191,"column":6},"end":{"line":191,"column":null}},"95":{"start":{"line":193,"column":20},"end":{"line":193,"column":null}},"96":{"start":{"line":193,"column":34},"end":{"line":193,"column":40}},"97":{"start":{"line":193,"column":57},"end":{"line":193,"column":75}},"98":{"start":{"line":194,"column":25},"end":{"line":194,"column":null}},"99":{"start":{"line":194,"column":67},"end":{"line":194,"column":82}},"100":{"start":{"line":195,"column":6},"end":{"line":195,"column":null}},"101":{"start":{"line":196,"column":6},"end":{"line":196,"column":null}},"102":{"start":{"line":198,"column":6},"end":{"line":198,"column":null}},"103":{"start":{"line":200,"column":6},"end":{"line":200,"column":null}},"104":{"start":{"line":206,"column":2},"end":{"line":309,"column":null}},"105":{"start":{"line":213,"column":29},"end":{"line":213,"column":null}},"106":{"start":{"line":228,"column":33},"end":{"line":228,"column":null}},"107":{"start":{"line":231,"column":18},"end":{"line":233,"column":null}},"108":{"start":{"line":260,"column":39},"end":{"line":260,"column":59}},"109":{"start":{"line":263,"column":39},"end":{"line":263,"column":60}},"110":{"start":{"line":266,"column":39},"end":{"line":266,"column":60}},"111":{"start":{"line":269,"column":39},"end":{"line":269,"column":61}},"112":{"start":{"line":272,"column":39},"end":{"line":272,"column":68}},"113":{"start":{"line":279,"column":20},"end":{"line":297,"column":null}}},"fnMap":{"0":{"name":"App","decl":{"start":{"line":49,"column":24},"end":{"line":49,"column":30}},"loc":{"start":{"line":49,"column":30},"end":{"line":311,"column":null}},"line":49},"1":{"name":"(anonymous_1)","decl":{"start":{"line":56,"column":56},"end":{"line":56,"column":62}},"loc":{"start":{"line":56,"column":62},"end":{"line":59,"column":3}},"line":56},"2":{"name":"(anonymous_2)","decl":{"start":{"line":63,"column":12},"end":{"line":63,"column":18}},"loc":{"start":{"line":63,"column":18},"end":{"line":66,"column":5}},"line":63},"3":{"name":"(anonymous_3)","decl":{"start":{"line":68,"column":12},"end":{"line":68,"column":18}},"loc":{"start":{"line":68,"column":18},"end":{"line":71,"column":5}},"line":68},"4":{"name":"(anonymous_4)","decl":{"start":{"line":73,"column":21},"end":{"line":73,"column":22}},"loc":{"start":{"line":73,"column":41},"end":{"line":80,"column":null}},"line":73},"5":{"name":"(anonymous_5)","decl":{"start":{"line":82,"column":40},"end":{"line":82,"column":41}},"loc":{"start":{"line":82,"column":50},"end":{"line":111,"column":3}},"line":82},"6":{"name":"(anonymous_6)","decl":{"start":{"line":114,"column":23},"end":{"line":114,"column":32}},"loc":{"start":{"line":114,"column":32},"end":{"line":117,"column":3}},"line":114},"7":{"name":"(anonymous_7)","decl":{"start":{"line":119,"column":12},"end":{"line":119,"column":18}},"loc":{"start":{"line":119,"column":18},"end":{"line":132,"column":5}},"line":119},"8":{"name":"(anonymous_8)","decl":{"start":{"line":127,"column":14},"end":{"line":127,"column":19}},"loc":{"start":{"line":127,"column":19},"end":{"line":127,"column":35}},"line":127},"9":{"name":"(anonymous_9)","decl":{"start":{"line":129,"column":12},"end":{"line":129,"column":13}},"loc":{"start":{"line":129,"column":23},"end":{"line":129,"column":79}},"line":129},"10":{"name":"formatDate","decl":{"start":{"line":135,"column":11},"end":{"line":135,"column":22}},"loc":{"start":{"line":135,"column":47},"end":{"line":138,"column":null}},"line":135},"11":{"name":"computeTrends","decl":{"start":{"line":140,"column":11},"end":{"line":140,"column":25}},"loc":{"start":{"line":140,"column":51},"end":{"line":164,"column":null}},"line":140},"12":{"name":"(anonymous_12)","decl":{"start":{"line":143,"column":19},"end":{"line":143,"column":28}},"loc":{"start":{"line":143,"column":28},"end":{"line":147,"column":5}},"line":143},"13":{"name":"(anonymous_13)","decl":{"start":{"line":151,"column":21},"end":{"line":151,"column":30}},"loc":{"start":{"line":151,"column":30},"end":{"line":162,"column":5}},"line":151},"14":{"name":"(anonymous_14)","decl":{"start":{"line":152,"column":17},"end":{"line":152,"column":18}},"loc":{"start":{"line":152,"column":27},"end":{"line":152,"column":84}},"line":152},"15":{"name":"(anonymous_15)","decl":{"start":{"line":159,"column":35},"end":{"line":159,"column":36}},"loc":{"start":{"line":159,"column":51},"end":{"line":159,"column":90}},"line":159},"16":{"name":"loadTracks","decl":{"start":{"line":166,"column":17},"end":{"line":166,"column":30}},"loc":{"start":{"line":166,"column":30},"end":{"line":202,"column":null}},"line":166},"17":{"name":"(anonymous_17)","decl":{"start":{"line":182,"column":43},"end":{"line":182,"column":49}},"loc":{"start":{"line":182,"column":49},"end":{"line":188,"column":8}},"line":182},"18":{"name":"(anonymous_18)","decl":{"start":{"line":193,"column":29},"end":{"line":193,"column":34}},"loc":{"start":{"line":193,"column":34},"end":{"line":193,"column":40}},"line":193},"19":{"name":"(anonymous_19)","decl":{"start":{"line":193,"column":49},"end":{"line":193,"column":57}},"loc":{"start":{"line":193,"column":57},"end":{"line":193,"column":75}},"line":193},"20":{"name":"(anonymous_20)","decl":{"start":{"line":194,"column":57},"end":{"line":194,"column":58}},"loc":{"start":{"line":194,"column":67},"end":{"line":194,"column":82}},"line":194},"21":{"name":"(anonymous_21)","decl":{"start":{"line":213,"column":23},"end":{"line":213,"column":29}},"loc":{"start":{"line":213,"column":29},"end":{"line":213,"column":null}},"line":213},"22":{"name":"(anonymous_22)","decl":{"start":{"line":228,"column":27},"end":{"line":228,"column":33}},"loc":{"start":{"line":228,"column":33},"end":{"line":228,"column":null}},"line":228},"23":{"name":"(anonymous_23)","decl":{"start":{"line":230,"column":28},"end":{"line":230,"column":29}},"loc":{"start":{"line":231,"column":18},"end":{"line":233,"column":null}},"line":231},"24":{"name":"(anonymous_24)","decl":{"start":{"line":260,"column":33},"end":{"line":260,"column":39}},"loc":{"start":{"line":260,"column":39},"end":{"line":260,"column":59}},"line":260},"25":{"name":"(anonymous_25)","decl":{"start":{"line":263,"column":33},"end":{"line":263,"column":39}},"loc":{"start":{"line":263,"column":39},"end":{"line":263,"column":60}},"line":263},"26":{"name":"(anonymous_26)","decl":{"start":{"line":266,"column":33},"end":{"line":266,"column":39}},"loc":{"start":{"line":266,"column":39},"end":{"line":266,"column":60}},"line":266},"27":{"name":"(anonymous_27)","decl":{"start":{"line":269,"column":33},"end":{"line":269,"column":39}},"loc":{"start":{"line":269,"column":39},"end":{"line":269,"column":61}},"line":269},"28":{"name":"(anonymous_28)","decl":{"start":{"line":272,"column":33},"end":{"line":272,"column":39}},"loc":{"start":{"line":272,"column":39},"end":{"line":272,"column":68}},"line":272},"29":{"name":"(anonymous_29)","decl":{"start":{"line":278,"column":36},"end":{"line":278,"column":37}},"loc":{"start":{"line":279,"column":20},"end":{"line":297,"column":null}},"line":279}},"branchMap":{"0":{"loc":{"start":{"line":58,"column":11},"end":{"line":58,"column":null}},"type":"cond-expr","locations":[{"start":{"line":58,"column":19},"end":{"line":58,"column":39}},{"start":{"line":58,"column":39},"end":{"line":58,"column":null}}],"line":58},"1":{"loc":{"start":{"line":69,"column":48},"end":{"line":69,"column":77}},"type":"cond-expr","locations":[{"start":{"line":69,"column":61},"end":{"line":69,"column":70}},{"start":{"line":69,"column":70},"end":{"line":69,"column":77}}],"line":69},"2":{"loc":{"start":{"line":74,"column":4},"end":{"line":79,"column":null}},"type":"if","locations":[{"start":{"line":74,"column":4},"end":{"line":79,"column":null}},{"start":{"line":76,"column":11},"end":{"line":79,"column":null}}],"line":74},"3":{"loc":{"start":{"line":75,"column":23},"end":{"line":75,"column":63}},"type":"cond-expr","locations":[{"start":{"line":75,"column":49},"end":{"line":75,"column":58}},{"start":{"line":75,"column":58},"end":{"line":75,"column":63}}],"line":75},"4":{"loc":{"start":{"line":84,"column":4},"end":{"line":107,"column":null}},"type":"switch","locations":[{"start":{"line":85,"column":6},"end":{"line":88,"column":null}},{"start":{"line":89,"column":6},"end":{"line":92,"column":null}},{"start":{"line":93,"column":6},"end":{"line":96,"column":null}},{"start":{"line":97,"column":6},"end":{"line":100,"column":null}},{"start":{"line":101,"column":6},"end":{"line":104,"column":null}},{"start":{"line":105,"column":6},"end":{"line":106,"column":null}}],"line":84},"5":{"loc":{"start":{"line":86,"column":15},"end":{"line":86,"column":null}},"type":"binary-expr","locations":[{"start":{"line":86,"column":15},"end":{"line":86,"column":25}},{"start":{"line":86,"column":25},"end":{"line":86,"column":null}}],"line":86},"6":{"loc":{"start":{"line":87,"column":15},"end":{"line":87,"column":null}},"type":"binary-expr","locations":[{"start":{"line":87,"column":15},"end":{"line":87,"column":25}},{"start":{"line":87,"column":25},"end":{"line":87,"column":null}}],"line":87},"7":{"loc":{"start":{"line":90,"column":15},"end":{"line":90,"column":null}},"type":"binary-expr","locations":[{"start":{"line":90,"column":15},"end":{"line":90,"column":26}},{"start":{"line":90,"column":26},"end":{"line":90,"column":null}}],"line":90},"8":{"loc":{"start":{"line":91,"column":15},"end":{"line":91,"column":null}},"type":"binary-expr","locations":[{"start":{"line":91,"column":15},"end":{"line":91,"column":26}},{"start":{"line":91,"column":26},"end":{"line":91,"column":null}}],"line":91},"9":{"loc":{"start":{"line":98,"column":16},"end":{"line":98,"column":32}},"type":"binary-expr","locations":[{"start":{"line":98,"column":16},"end":{"line":98,"column":28}},{"start":{"line":98,"column":28},"end":{"line":98,"column":32}}],"line":98},"10":{"loc":{"start":{"line":99,"column":16},"end":{"line":99,"column":32}},"type":"binary-expr","locations":[{"start":{"line":99,"column":16},"end":{"line":99,"column":28}},{"start":{"line":99,"column":28},"end":{"line":99,"column":32}}],"line":99},"11":{"loc":{"start":{"line":102,"column":15},"end":{"line":102,"column":null}},"type":"binary-expr","locations":[{"start":{"line":102,"column":15},"end":{"line":102,"column":34}},{"start":{"line":102,"column":34},"end":{"line":102,"column":null}}],"line":102},"12":{"loc":{"start":{"line":103,"column":15},"end":{"line":103,"column":null}},"type":"binary-expr","locations":[{"start":{"line":103,"column":15},"end":{"line":103,"column":34}},{"start":{"line":103,"column":34},"end":{"line":103,"column":null}}],"line":103},"13":{"loc":{"start":{"line":108,"column":4},"end":{"line":108,"column":null}},"type":"if","locations":[{"start":{"line":108,"column":4},"end":{"line":108,"column":null}},{"start":{},"end":{}}],"line":108},"14":{"loc":{"start":{"line":108,"column":28},"end":{"line":108,"column":null}},"type":"cond-expr","locations":[{"start":{"line":108,"column":54},"end":{"line":108,"column":59}},{"start":{"line":108,"column":59},"end":{"line":108,"column":null}}],"line":108},"15":{"loc":{"start":{"line":109,"column":4},"end":{"line":109,"column":null}},"type":"if","locations":[{"start":{"line":109,"column":4},"end":{"line":109,"column":null}},{"start":{},"end":{}}],"line":109},"16":{"loc":{"start":{"line":109,"column":28},"end":{"line":109,"column":null}},"type":"cond-expr","locations":[{"start":{"line":109,"column":54},"end":{"line":109,"column":58}},{"start":{"line":109,"column":58},"end":{"line":109,"column":null}}],"line":109},"17":{"loc":{"start":{"line":115,"column":19},"end":{"line":115,"column":null}},"type":"binary-expr","locations":[{"start":{"line":115,"column":19},"end":{"line":115,"column":35}},{"start":{"line":115,"column":35},"end":{"line":115,"column":null}}],"line":115},"18":{"loc":{"start":{"line":116,"column":27},"end":{"line":116,"column":55}},"type":"binary-expr","locations":[{"start":{"line":116,"column":27},"end":{"line":116,"column":50}},{"start":{"line":116,"column":50},"end":{"line":116,"column":55}}],"line":116},"19":{"loc":{"start":{"line":121,"column":4},"end":{"line":124,"column":null}},"type":"if","locations":[{"start":{"line":121,"column":4},"end":{"line":124,"column":null}},{"start":{},"end":{}}],"line":121},"20":{"loc":{"start":{"line":129,"column":30},"end":{"line":129,"column":48}},"type":"binary-expr","locations":[{"start":{"line":129,"column":30},"end":{"line":129,"column":40}},{"start":{"line":129,"column":40},"end":{"line":129,"column":48}}],"line":129},"21":{"loc":{"start":{"line":129,"column":59},"end":{"line":129,"column":77}},"type":"binary-expr","locations":[{"start":{"line":129,"column":59},"end":{"line":129,"column":69}},{"start":{"line":129,"column":69},"end":{"line":129,"column":77}}],"line":129},"22":{"loc":{"start":{"line":144,"column":73},"end":{"line":144,"column":93}},"type":"binary-expr","locations":[{"start":{"line":144,"column":73},"end":{"line":144,"column":89}},{"start":{"line":144,"column":89},"end":{"line":144,"column":93}}],"line":144},"23":{"loc":{"start":{"line":145,"column":6},"end":{"line":145,"column":null}},"type":"if","locations":[{"start":{"line":145,"column":6},"end":{"line":145,"column":null}},{"start":{},"end":{}}],"line":145},"24":{"loc":{"start":{"line":155,"column":6},"end":{"line":157,"column":null}},"type":"if","locations":[{"start":{"line":155,"column":6},"end":{"line":157,"column":null}},{"start":{},"end":{}}],"line":155},"25":{"loc":{"start":{"line":155,"column":10},"end":{"line":155,"column":113}},"type":"binary-expr","locations":[{"start":{"line":155,"column":10},"end":{"line":155,"column":22}},{"start":{"line":155,"column":22},"end":{"line":155,"column":51}},{"start":{"line":155,"column":51},"end":{"line":155,"column":82}},{"start":{"line":155,"column":82},"end":{"line":155,"column":113}}],"line":155},"26":{"loc":{"start":{"line":159,"column":51},"end":{"line":159,"column":90}},"type":"cond-expr","locations":[{"start":{"line":159,"column":71},"end":{"line":159,"column":85}},{"start":{"line":159,"column":85},"end":{"line":159,"column":90}}],"line":159},"27":{"loc":{"start":{"line":175,"column":6},"end":{"line":177,"column":null}},"type":"if","locations":[{"start":{"line":175,"column":6},"end":{"line":177,"column":null}},{"start":{},"end":{}}],"line":175},"28":{"loc":{"start":{"line":179,"column":6},"end":{"line":181,"column":null}},"type":"if","locations":[{"start":{"line":179,"column":6},"end":{"line":181,"column":null}},{"start":{},"end":{}}],"line":179},"29":{"loc":{"start":{"line":194,"column":25},"end":{"line":194,"column":null}},"type":"cond-expr","locations":[{"start":{"line":194,"column":44},"end":{"line":194,"column":86}},{"start":{"line":194,"column":86},"end":{"line":194,"column":null}}],"line":194},"30":{"loc":{"start":{"line":194,"column":67},"end":{"line":194,"column":82}},"type":"cond-expr","locations":[{"start":{"line":194,"column":77},"end":{"line":194,"column":81}},{"start":{"line":194,"column":81},"end":{"line":194,"column":82}}],"line":194},"31":{"loc":{"start":{"line":198,"column":15},"end":{"line":198,"column":79}},"type":"cond-expr","locations":[{"start":{"line":198,"column":38},"end":{"line":198,"column":52}},{"start":{"line":198,"column":52},"end":{"line":198,"column":79}}],"line":198},"32":{"loc":{"start":{"line":217,"column":15},"end":{"line":217,"column":null}},"type":"cond-expr","locations":[{"start":{"line":217,"column":28},"end":{"line":217,"column":41}},{"start":{"line":217,"column":41},"end":{"line":217,"column":null}}],"line":217},"33":{"loc":{"start":{"line":243,"column":17},"end":{"line":243,"column":null}},"type":"cond-expr","locations":[{"start":{"line":243,"column":27},"end":{"line":243,"column":42}},{"start":{"line":243,"column":42},"end":{"line":243,"column":null}}],"line":243},"34":{"loc":{"start":{"line":248,"column":11},"end":{"line":248,"column":null}},"type":"binary-expr","locations":[{"start":{"line":248,"column":11},"end":{"line":248,"column":22}},{"start":{"line":248,"column":22},"end":{"line":248,"column":null}}],"line":248},"35":{"loc":{"start":{"line":249,"column":11},"end":{"line":249,"column":null}},"type":"binary-expr","locations":[{"start":{"line":249,"column":11},"end":{"line":249,"column":20}},{"start":{"line":249,"column":20},"end":{"line":249,"column":null}}],"line":249},"36":{"loc":{"start":{"line":251,"column":11},"end":{"line":252,"column":null}},"type":"binary-expr","locations":[{"start":{"line":251,"column":11},"end":{"line":251,"column":23}},{"start":{"line":251,"column":23},"end":{"line":251,"column":33}},{"start":{"line":251,"column":33},"end":{"line":251,"column":null}},{"start":{"line":252,"column":12},"end":{"line":252,"column":null}}],"line":251},"37":{"loc":{"start":{"line":255,"column":11},"end":{"line":301,"column":null}},"type":"binary-expr","locations":[{"start":{"line":255,"column":11},"end":{"line":255,"column":23}},{"start":{"line":255,"column":23},"end":{"line":255,"column":null}},{"start":{"line":256,"column":12},"end":{"line":301,"column":null}}],"line":255},"38":{"loc":{"start":{"line":261,"column":28},"end":{"line":261,"column":null}},"type":"binary-expr","locations":[{"start":{"line":261,"column":28},"end":{"line":261,"column":54}},{"start":{"line":261,"column":54},"end":{"line":261,"column":null}}],"line":261},"39":{"loc":{"start":{"line":261,"column":54},"end":{"line":261,"column":null}},"type":"cond-expr","locations":[{"start":{"line":261,"column":80},"end":{"line":261,"column":86}},{"start":{"line":261,"column":86},"end":{"line":261,"column":null}}],"line":261},"40":{"loc":{"start":{"line":264,"column":29},"end":{"line":264,"column":null}},"type":"binary-expr","locations":[{"start":{"line":264,"column":29},"end":{"line":264,"column":56}},{"start":{"line":264,"column":56},"end":{"line":264,"column":null}}],"line":264},"41":{"loc":{"start":{"line":264,"column":56},"end":{"line":264,"column":null}},"type":"cond-expr","locations":[{"start":{"line":264,"column":82},"end":{"line":264,"column":88}},{"start":{"line":264,"column":88},"end":{"line":264,"column":null}}],"line":264},"42":{"loc":{"start":{"line":267,"column":29},"end":{"line":267,"column":null}},"type":"binary-expr","locations":[{"start":{"line":267,"column":29},"end":{"line":267,"column":56}},{"start":{"line":267,"column":56},"end":{"line":267,"column":null}}],"line":267},"43":{"loc":{"start":{"line":267,"column":56},"end":{"line":267,"column":null}},"type":"cond-expr","locations":[{"start":{"line":267,"column":82},"end":{"line":267,"column":88}},{"start":{"line":267,"column":88},"end":{"line":267,"column":null}}],"line":267},"44":{"loc":{"start":{"line":270,"column":33},"end":{"line":270,"column":null}},"type":"binary-expr","locations":[{"start":{"line":270,"column":33},"end":{"line":270,"column":61}},{"start":{"line":270,"column":61},"end":{"line":270,"column":null}}],"line":270},"45":{"loc":{"start":{"line":270,"column":61},"end":{"line":270,"column":null}},"type":"cond-expr","locations":[{"start":{"line":270,"column":87},"end":{"line":270,"column":93}},{"start":{"line":270,"column":93},"end":{"line":270,"column":null}}],"line":270},"46":{"loc":{"start":{"line":273,"column":38},"end":{"line":273,"column":null}},"type":"binary-expr","locations":[{"start":{"line":273,"column":38},"end":{"line":273,"column":73}},{"start":{"line":273,"column":73},"end":{"line":273,"column":null}}],"line":273},"47":{"loc":{"start":{"line":273,"column":73},"end":{"line":273,"column":null}},"type":"cond-expr","locations":[{"start":{"line":273,"column":99},"end":{"line":273,"column":105}},{"start":{"line":273,"column":105},"end":{"line":273,"column":null}}],"line":273},"48":{"loc":{"start":{"line":280,"column":47},"end":{"line":280,"column":63}},"type":"binary-expr","locations":[{"start":{"line":280,"column":47},"end":{"line":280,"column":57}},{"start":{"line":280,"column":57},"end":{"line":280,"column":63}}],"line":280},"49":{"loc":{"start":{"line":282,"column":25},"end":{"line":291,"column":null}},"type":"cond-expr","locations":[{"start":{"line":283,"column":26},"end":{"line":288,"column":null}},{"start":{"line":291,"column":26},"end":{"line":291,"column":null}}],"line":282},"50":{"loc":{"start":{"line":283,"column":26},"end":{"line":288,"column":null}},"type":"cond-expr","locations":[{"start":{"line":284,"column":28},"end":{"line":284,"column":null}},{"start":{"line":285,"column":30},"end":{"line":288,"column":null}}],"line":283},"51":{"loc":{"start":{"line":285,"column":30},"end":{"line":288,"column":null}},"type":"cond-expr","locations":[{"start":{"line":286,"column":28},"end":{"line":286,"column":null}},{"start":{"line":288,"column":28},"end":{"line":288,"column":null}}],"line":285},"52":{"loc":{"start":{"line":295,"column":50},"end":{"line":295,"column":66}},"type":"binary-expr","locations":[{"start":{"line":295,"column":50},"end":{"line":295,"column":62}},{"start":{"line":295,"column":62},"end":{"line":295,"column":66}}],"line":295},"53":{"loc":{"start":{"line":295,"column":69},"end":{"line":295,"column":102}},"type":"binary-expr","locations":[{"start":{"line":295,"column":69},"end":{"line":295,"column":100}},{"start":{"line":295,"column":100},"end":{"line":295,"column":102}}],"line":295},"54":{"loc":{"start":{"line":295,"column":81},"end":{"line":295,"column":95}},"type":"binary-expr","locations":[{"start":{"line":295,"column":81},"end":{"line":295,"column":93}},{"start":{"line":295,"column":93},"end":{"line":295,"column":95}}],"line":295},"55":{"loc":{"start":{"line":296,"column":50},"end":{"line":296,"column":102}},"type":"cond-expr","locations":[{"start":{"line":296,"column":68},"end":{"line":296,"column":98}},{"start":{"line":296,"column":98},"end":{"line":296,"column":102}}],"line":296},"56":{"loc":{"start":{"line":279,"column":43},"end":{"line":279,"column":54}},"type":"binary-expr","locations":[{"start":{"line":279,"column":43},"end":{"line":279,"column":53}},{"start":{"line":279,"column":53},"end":{"line":279,"column":54}}],"line":279},"57":{"loc":{"start":{"line":305,"column":49},"end":{"line":305,"column":null}},"type":"binary-expr","locations":[{"start":{"line":305,"column":49},"end":{"line":305,"column":63}},{"start":{"line":305,"column":63},"end":{"line":305,"column":null}}],"line":305}},"s":{"0":1,"1":104,"2":104,"3":104,"4":104,"5":104,"6":104,"7":104,"8":21,"9":21,"10":104,"11":104,"12":104,"13":21,"14":104,"15":23,"16":23,"17":104,"18":5,"19":1,"20":4,"21":4,"22":104,"23":18,"24":13,"25":13,"26":13,"27":0,"28":0,"29":0,"30":3,"31":3,"32":3,"33":1,"34":1,"35":1,"36":1,"37":1,"38":1,"39":0,"40":18,"41":4,"42":14,"43":14,"44":1,"45":104,"46":104,"47":34,"48":34,"49":104,"50":55,"51":44,"52":44,"53":11,"54":11,"55":26,"56":18,"57":11,"58":31,"59":31,"60":10,"61":10,"62":24,"63":24,"64":21,"65":24,"66":10,"67":10,"68":21,"69":3,"70":21,"71":21,"72":21,"73":3,"74":21,"75":24,"76":21,"77":21,"78":10,"79":22,"80":22,"81":22,"82":22,"83":22,"84":22,"85":22,"86":19,"87":1,"88":15,"89":15,"90":5,"91":10,"92":24,"93":10,"94":10,"95":10,"96":24,"97":24,"98":10,"99":14,"100":22,"101":22,"102":10,"103":20,"104":104,"105":2,"106":2,"107":3640,"108":0,"109":0,"110":3,"111":1,"112":1,"113":34},"f":{"0":104,"1":21,"2":21,"3":23,"4":5,"5":18,"6":34,"7":55,"8":26,"9":18,"10":31,"11":10,"12":24,"13":21,"14":3,"15":24,"16":22,"17":24,"18":24,"19":24,"20":14,"21":2,"22":2,"23":3640,"24":0,"25":0,"26":3,"27":1,"28":1,"29":34},"b":{"0":[20,1],"1":[1,22],"2":[1,4],"3":[1,0],"4":[13,0,3,1,1,0],"5":[13,0],"6":[13,0],"7":[0,0],"8":[0,0],"9":[1,0],"10":[1,0],"11":[1,0],"12":[1,0],"13":[4,14],"14":[3,1],"15":[13,1],"16":[13,0],"17":[34,0],"18":[34,31],"19":[44,11],"20":[18,0],"21":[18,0],"22":[24,0],"23":[21,3],"24":[3,18],"25":[21,3,3,3],"26":[3,21],"27":[1,18],"28":[5,10],"29":[10,0],"30":[3,11],"31":[10,0],"32":[2,102],"33":[46,58],"34":[104,46],"35":[104,10],"36":[104,58,48,32],"37":[104,58,16],"38":[16,11],"39":[11,0],"40":[16,0],"41":[0,0],"42":[16,3],"43":[2,1],"44":[16,1],"45":[1,0],"46":[16,1],"47":[1,0],"48":[34,0],"49":[3,31],"50":[1,2],"51":[1,1],"52":[34,0],"53":[34,0],"54":[34,0],"55":[31,3],"56":[34,0],"57":[104,77]},"meta":{"lastBranch":58,"lastFunction":30,"lastStatement":114,"seen":{"s:7:24:42:Infinity":0,"f:49:24:49:30":0,"s:50:40:50:Infinity":1,"s:51:32:51:Infinity":2,"s:52:26:52:Infinity":3,"s:53:28:53:Infinity":4,"s:54:24:54:Infinity":5,"s:55:34:55:Infinity":6,"s:56:34:59:Infinity":7,"f:56:56:56:62":1,"s:57:18:57:Infinity":8,"s:58:4:58:Infinity":9,"b:58:19:58:39:58:39:58:Infinity":0,"s:60:34:60:Infinity":10,"s:61:40:61:Infinity":11,"s:63:2:66:Infinity":12,"f:63:12:63:18":2,"s:64:4:64:Infinity":13,"s:68:2:71:Infinity":14,"f:68:12:68:18":3,"s:69:4:69:Infinity":15,"b:69:61:69:70:69:70:69:77":1,"s:70:4:70:Infinity":16,"s:73:21:80:Infinity":17,"f:73:21:73:22":4,"b:74:4:79:Infinity:76:11:79:Infinity":2,"s:74:4:79:Infinity":18,"s:75:6:75:Infinity":19,"b:75:49:75:58:75:58:75:63":3,"s:77:6:77:Infinity":20,"s:78:6:78:Infinity":21,"s:82:23:111:Infinity":22,"f:82:40:82:41":5,"b:85:6:88:Infinity:89:6:92:Infinity:93:6:96:Infinity:97:6:100:Infinity:101:6:104:Infinity:105:6:106:Infinity":4,"s:84:4:107:Infinity":23,"s:86:8:86:Infinity":24,"b:86:15:86:25:86:25:86:Infinity":5,"s:87:8:87:Infinity":25,"b:87:15:87:25:87:25:87:Infinity":6,"s:88:8:88:Infinity":26,"s:90:8:90:Infinity":27,"b:90:15:90:26:90:26:90:Infinity":7,"s:91:8:91:Infinity":28,"b:91:15:91:26:91:26:91:Infinity":8,"s:92:8:92:Infinity":29,"s:94:8:94:Infinity":30,"s:95:8:95:Infinity":31,"s:96:8:96:Infinity":32,"s:98:8:98:Infinity":33,"b:98:16:98:28:98:28:98:32":9,"s:99:8:99:Infinity":34,"b:99:16:99:28:99:28:99:32":10,"s:100:8:100:Infinity":35,"s:102:8:102:Infinity":36,"b:102:15:102:34:102:34:102:Infinity":11,"s:103:8:103:Infinity":37,"b:103:15:103:34:103:34:103:Infinity":12,"s:104:8:104:Infinity":38,"s:106:8:106:Infinity":39,"b:108:4:108:Infinity:undefined:undefined:undefined:undefined":13,"s:108:4:108:Infinity":40,"s:108:21:108:Infinity":41,"b:108:54:108:59:108:59:108:Infinity":14,"b:109:4:109:Infinity:undefined:undefined:undefined:undefined":15,"s:109:4:109:Infinity":42,"s:109:21:109:Infinity":43,"b:109:54:109:58:109:58:109:Infinity":16,"s:110:4:110:Infinity":44,"s:113:46:113:Infinity":45,"s:114:2:117:Infinity":46,"f:114:23:114:32":6,"s:115:19:115:Infinity":47,"b:115:19:115:35:115:35:115:Infinity":17,"s:116:4:116:Infinity":48,"b:116:27:116:50:116:50:116:55":18,"s:119:2:132:Infinity":49,"f:119:12:119:18":7,"b:121:4:124:Infinity:undefined:undefined:undefined:undefined":19,"s:121:4:124:Infinity":50,"s:122:6:122:Infinity":51,"s:123:6:123:Infinity":52,"s:125:10:125:Infinity":53,"s:126:21:129:Infinity":54,"f:127:14:127:19":8,"s:127:19:127:35":55,"f:129:12:129:13":9,"s:129:23:129:79":56,"b:129:30:129:40:129:40:129:48":20,"b:129:59:129:69:129:69:129:77":21,"s:130:4:130:Infinity":57,"f:135:11:135:22":10,"s:136:31:136:Infinity":58,"s:137:4:137:Infinity":59,"f:140:11:140:25":11,"s:142:21:142:Infinity":60,"s:143:4:147:Infinity":61,"f:143:19:143:28":12,"s:144:18:144:Infinity":62,"b:144:73:144:89:144:89:144:93":22,"b:145:6:145:Infinity:undefined:undefined:undefined:undefined":23,"s:145:6:145:Infinity":63,"s:145:30:145:Infinity":64,"s:146:6:146:Infinity":65,"s:150:28:150:Infinity":66,"s:151:4:162:Infinity":67,"f:151:21:151:30":13,"s:152:6:152:Infinity":68,"f:152:17:152:18":14,"s:152:27:152:84":69,"s:153:21:153:Infinity":70,"s:154:23:154:Infinity":71,"b:155:6:157:Infinity:undefined:undefined:undefined:undefined":24,"s:155:6:157:Infinity":72,"b:155:10:155:22:155:22:155:51:155:51:155:82:155:82:155:113":25,"s:156:8:156:Infinity":73,"s:159:22:159:Infinity":74,"f:159:35:159:36":15,"s:159:51:159:90":75,"b:159:71:159:85:159:85:159:90":26,"s:160:6:160:Infinity":76,"s:161:6:161:Infinity":77,"s:163:4:163:Infinity":78,"f:166:17:166:30":16,"s:167:4:167:Infinity":79,"s:168:4:168:Infinity":80,"s:169:4:169:Infinity":81,"s:170:4:170:Infinity":82,"s:171:4:171:Infinity":83,"s:173:4:201:Infinity":84,"s:174:18:174:Infinity":85,"b:175:6:177:Infinity:undefined:undefined:undefined:undefined":27,"s:175:6:177:Infinity":86,"s:176:8:176:Infinity":87,"s:178:28:178:Infinity":88,"b:179:6:181:Infinity:undefined:undefined:undefined:undefined":28,"s:179:6:181:Infinity":89,"s:180:8:180:Infinity":90,"s:182:34:188:Infinity":91,"f:182:43:182:49":17,"s:182:49:188:8":92,"s:190:31:190:Infinity":93,"s:191:6:191:Infinity":94,"s:193:20:193:Infinity":95,"f:193:29:193:34":18,"s:193:34:193:40":96,"f:193:49:193:57":19,"s:193:57:193:75":97,"s:194:25:194:Infinity":98,"b:194:44:194:86:194:86:194:Infinity":29,"f:194:57:194:58":20,"s:194:67:194:82":99,"b:194:77:194:81:194:81:194:82":30,"s:195:6:195:Infinity":100,"s:196:6:196:Infinity":101,"s:198:6:198:Infinity":102,"b:198:38:198:52:198:52:198:79":31,"s:200:6:200:Infinity":103,"s:206:2:309:Infinity":104,"f:213:23:213:29":21,"s:213:29:213:Infinity":105,"b:217:28:217:41:217:41:217:Infinity":32,"f:228:27:228:33":22,"s:228:33:228:Infinity":106,"f:230:28:230:29":23,"s:231:18:233:Infinity":107,"b:243:27:243:42:243:42:243:Infinity":33,"b:248:11:248:22:248:22:248:Infinity":34,"b:249:11:249:20:249:20:249:Infinity":35,"b:251:11:251:23:251:23:251:33:251:33:251:Infinity:252:12:252:Infinity":36,"b:255:11:255:23:255:23:255:Infinity:256:12:301:Infinity":37,"f:260:33:260:39":24,"s:260:39:260:59":108,"b:261:28:261:54:261:54:261:Infinity":38,"b:261:80:261:86:261:86:261:Infinity":39,"f:263:33:263:39":25,"s:263:39:263:60":109,"b:264:29:264:56:264:56:264:Infinity":40,"b:264:82:264:88:264:88:264:Infinity":41,"f:266:33:266:39":26,"s:266:39:266:60":110,"b:267:29:267:56:267:56:267:Infinity":42,"b:267:82:267:88:267:88:267:Infinity":43,"f:269:33:269:39":27,"s:269:39:269:61":111,"b:270:33:270:61:270:61:270:Infinity":44,"b:270:87:270:93:270:93:270:Infinity":45,"f:272:33:272:39":28,"s:272:39:272:68":112,"b:273:38:273:73:273:73:273:Infinity":46,"b:273:99:273:105:273:105:273:Infinity":47,"f:278:36:278:37":29,"s:279:20:297:Infinity":113,"b:280:47:280:57:280:57:280:63":48,"b:283:26:288:Infinity:291:26:291:Infinity":49,"b:284:28:284:Infinity:285:30:288:Infinity":50,"b:286:28:286:Infinity:288:28:288:Infinity":51,"b:295:50:295:62:295:62:295:66":52,"b:295:69:295:100:295:100:295:102":53,"b:295:81:295:93:295:93:295:95":54,"b:296:68:296:98:296:98:296:102":55,"b:279:43:279:53:279:53:279:54":56,"b:305:49:305:63:305:63:305:Infinity":57}}}
,"/Users/amundjones/Documents/code/React/beatport-analysis/beatport-analysis/src/utils.ts": {"path":"/Users/amundjones/Documents/code/React/beatport-analysis/beatport-analysis/src/utils.ts","statementMap":{"0":{"start":{"line":2,"column":2},"end":{"line":7,"column":null}},"1":{"start":{"line":3,"column":14},"end":{"line":3,"column":null}},"2":{"start":{"line":4,"column":4},"end":{"line":4,"column":null}},"3":{"start":{"line":6,"column":4},"end":{"line":6,"column":null}}},"fnMap":{"0":{"name":"slugFromUrl","decl":{"start":{"line":1,"column":16},"end":{"line":1,"column":28}},"loc":{"start":{"line":1,"column":41},"end":{"line":8,"column":null}},"line":1}},"branchMap":{"0":{"loc":{"start":{"line":4,"column":11},"end":{"line":4,"column":null}},"type":"cond-expr","locations":[{"start":{"line":4,"column":15},"end":{"line":4,"column":22}},{"start":{"line":4,"column":22},"end":{"line":4,"column":null}}],"line":4}},"s":{"0":18,"1":18,"2":18,"3":1},"f":{"0":18},"b":{"0":[14,3]},"meta":{"lastBranch":1,"lastFunction":1,"lastStatement":4,"seen":{"f:1:16:1:28":0,"s:2:2:7:Infinity":0,"s:3:14:3:Infinity":1,"s:4:4:4:Infinity":2,"b:4:15:4:22:4:22:4:Infinity":0,"s:6:4:6:Infinity":3}}}
}
